<?xml version="1.0" encoding="UTF-8"?>
<!-- Generated by org.testng.reporters.JUnitXMLReporter -->
<testsuite hostname="Acer-PC" ignored="0" name="Test" tests="1" failures="1" timestamp="01 May 2022 11:23:02 GMT" time="108.146" errors="0">
  <testcase name="test" time="107.498" classname="tataelxsi.co.in.GitExample">
    <failure type="org.openqa.selenium.WebDriverException" message="chrome not reachable
Build info: version: &amp;apos;3.4.0&amp;apos;, revision: &amp;apos;unknown&amp;apos;, time: &amp;apos;unknown&amp;apos;
System info: host: &amp;apos;ACER-PC&amp;apos;, ip: &amp;apos;192.168.43.162&amp;apos;, os.name: &amp;apos;Windows 7&amp;apos;, os.arch: &amp;apos;amd64&amp;apos;, os.version: &amp;apos;6.1&amp;apos;, java.version: &amp;apos;1.8.0_261&amp;apos;
Driver info: driver.version: ChromeDriver
remote stacktrace: Backtrace:
	Ordinal0 [0x013B7413+2389011]
	Ordinal0 [0x01349F61+1941345]
	Ordinal0 [0x0123C520+836896]
	Ordinal0 [0x012305AB+787883]
	Ordinal0 [0x0125C128+966952]
	Ordinal0 [0x0125837A+951162]
	Ordinal0 [0x01255C51+941137]
	Ordinal0 [0x01288C80+1150080]
	Ordinal0 [0x012888DA+1149146]
	Ordinal0 [0x01283F66+1130342]
	Ordinal0 [0x0125E546+976198]
	Ordinal0 [0x0125F456+980054]
	GetHandleVerifier [0x01569632+1727522]
	GetHandleVerifier [0x0161BA4D+2457661]
	GetHandleVerifier [0x0144EB81+569713]
	GetHandleVerifier [0x0144DD76+566118]
	Ordinal0 [0x01350B2B+1968939]
	Ordinal0 [0x01355988+1989000]
	Ordinal0 [0x01355A75+1989237]
	Ordinal0 [0x0135ECB1+2026673]
	BaseThreadInitThunk [0x766133CA+18]
	RtlInitializeExceptionChain [0x778F9ED2+99]
	RtlInitializeExceptionChain [0x778F9EA5+54]
">
      <![CDATA[org.openqa.selenium.WebDriverException: chrome not reachable
Build info: version: '3.4.0', revision: 'unknown', time: 'unknown'
System info: host: 'ACER-PC', ip: '192.168.43.162', os.name: 'Windows 7', os.arch: 'amd64', os.version: '6.1', java.version: '1.8.0_261'
Driver info: driver.version: ChromeDriver
remote stacktrace: Backtrace:
Ordinal0 [0x013B7413+2389011]
Ordinal0 [0x01349F61+1941345]
Ordinal0 [0x0123C520+836896]
Ordinal0 [0x012305AB+787883]
Ordinal0 [0x0125C128+966952]
Ordinal0 [0x0125837A+951162]
Ordinal0 [0x01255C51+941137]
Ordinal0 [0x01288C80+1150080]
Ordinal0 [0x012888DA+1149146]
Ordinal0 [0x01283F66+1130342]
Ordinal0 [0x0125E546+976198]
Ordinal0 [0x0125F456+980054]
GetHandleVerifier [0x01569632+1727522]
GetHandleVerifier [0x0161BA4D+2457661]
GetHandleVerifier [0x0144EB81+569713]
GetHandleVerifier [0x0144DD76+566118]
Ordinal0 [0x01350B2B+1968939]
Ordinal0 [0x01355988+1989000]
Ordinal0 [0x01355A75+1989237]
Ordinal0 [0x0135ECB1+2026673]
BaseThreadInitThunk [0x766133CA+18]
RtlInitializeExceptionChain [0x778F9ED2+99]
RtlInitializeExceptionChain [0x778F9EA5+54]

at org.openqa.selenium.remote.W3CHandshakeResponse.lambda$new$0(W3CHandshakeResponse.java:57)
at org.openqa.selenium.remote.W3CHandshakeResponse.lambda$getResponseFunction$2(W3CHandshakeResponse.java:104)
at org.openqa.selenium.remote.ProtocolHandshake.lambda$createSession$22(ProtocolHandshake.java:365)
at java.util.stream.ReferencePipeline$3$1.accept(Unknown Source)
at java.util.Spliterators$ArraySpliterator.tryAdvance(Unknown Source)
at java.util.stream.ReferencePipeline.forEachWithCancel(Unknown Source)
at java.util.stream.AbstractPipeline.copyIntoWithCancel(Unknown Source)
at java.util.stream.AbstractPipeline.copyInto(Unknown Source)
at java.util.stream.AbstractPipeline.wrapAndCopyInto(Unknown Source)
at java.util.stream.FindOps$FindOp.evaluateSequential(Unknown Source)
at java.util.stream.AbstractPipeline.evaluate(Unknown Source)
at java.util.stream.ReferencePipeline.findFirst(Unknown Source)
at org.openqa.selenium.remote.ProtocolHandshake.createSession(ProtocolHandshake.java:368)
at org.openqa.selenium.remote.ProtocolHandshake.createSession(ProtocolHandshake.java:159)
at org.openqa.selenium.remote.HttpCommandExecutor.execute(HttpCommandExecutor.java:142)
at org.openqa.selenium.remote.service.DriverCommandExecutor.execute(DriverCommandExecutor.java:82)
at org.openqa.selenium.remote.RemoteWebDriver.execute(RemoteWebDriver.java:637)
at org.openqa.selenium.remote.RemoteWebDriver.startSession(RemoteWebDriver.java:250)
at org.openqa.selenium.remote.RemoteWebDriver.startSession(RemoteWebDriver.java:236)
at org.openqa.selenium.remote.RemoteWebDriver.<init>(RemoteWebDriver.java:137)
at org.openqa.selenium.chrome.ChromeDriver.<init>(ChromeDriver.java:184)
at org.openqa.selenium.chrome.ChromeDriver.<init>(ChromeDriver.java:171)
at org.openqa.selenium.chrome.ChromeDriver.<init>(ChromeDriver.java:124)
at tataelxsi.co.in.GitExample.test(GitExample.java:13)
... Removed 29 stack frames]]>
    </failure>
  </testcase> <!-- test -->
</testsuite> <!-- Test -->
