<?xml version="1.0" encoding="UTF-8"?>
<!-- Generated by org.testng.reporters.JUnitReportReporter -->
<testsuite skipped="0" hostname="Acer-PC" name="tataelxsi.co.in.GitExample" tests="1" failures="0" timestamp="01 May 2022 11:23:03 GMT" time="107.498" errors="1">
  <testcase name="test" time="107.498" classname="tataelxsi.co.in.GitExample">
    <error type="org.openqa.selenium.WebDriverException" message="chrome not reachable
Build info: version: &#039;3.4.0&#039;, revision: &#039;unknown&#039;, time: &#039;unknown&#039;
System info: host: &#039;ACER-PC&#039;, ip: &#039;192.168.43.162&#039;, os.name: &#039;Windows 7&#039;, os.arch: &#039;amd64&#039;, os.version: &#039;6.1&#039;, java.version: &#039;1.8.0_261&#039;
Driver info: driver.version: ChromeDriver
remote stacktrace: Backtrace:
	Ordinal0 [0x013B7413+2389011]
	Ordinal0 [0x01349F61+1941345]
	Ordinal0 [0x0123C520+836896]
	Ordinal0 [0x012305AB+787883]
	Ordinal0 [0x0125C128+966952]
	Ordinal0 [0x0125837A+951162]
	Ordinal0 [0x01255C51+941137]
	Ordinal0 [0x01288C80+1150080]
	Ordinal0 [0x012888DA+1149146]
	Ordinal0 [0x01283F66+1130342]
	Ordinal0 [0x0125E546+976198]
	Ordinal0 [0x0125F456+980054]
	GetHandleVerifier [0x01569632+1727522]
	GetHandleVerifier [0x0161BA4D+2457661]
	GetHandleVerifier [0x0144EB81+569713]
	GetHandleVerifier [0x0144DD76+566118]
	Ordinal0 [0x01350B2B+1968939]
	Ordinal0 [0x01355988+1989000]
	Ordinal0 [0x01355A75+1989237]
	Ordinal0 [0x0135ECB1+2026673]
	BaseThreadInitThunk [0x766133CA+18]
	RtlInitializeExceptionChain [0x778F9ED2+99]
	RtlInitializeExceptionChain [0x778F9EA5+54]
">
      <![CDATA[org.openqa.selenium.WebDriverException: chrome not reachable
Build info: version: '3.4.0', revision: 'unknown', time: 'unknown'
System info: host: 'ACER-PC', ip: '192.168.43.162', os.name: 'Windows 7', os.arch: 'amd64', os.version: '6.1', java.version: '1.8.0_261'
Driver info: driver.version: ChromeDriver
remote stacktrace: Backtrace:
Ordinal0 [0x013B7413+2389011]
Ordinal0 [0x01349F61+1941345]
Ordinal0 [0x0123C520+836896]
Ordinal0 [0x012305AB+787883]
Ordinal0 [0x0125C128+966952]
Ordinal0 [0x0125837A+951162]
Ordinal0 [0x01255C51+941137]
Ordinal0 [0x01288C80+1150080]
Ordinal0 [0x012888DA+1149146]
Ordinal0 [0x01283F66+1130342]
Ordinal0 [0x0125E546+976198]
Ordinal0 [0x0125F456+980054]
GetHandleVerifier [0x01569632+1727522]
GetHandleVerifier [0x0161BA4D+2457661]
GetHandleVerifier [0x0144EB81+569713]
GetHandleVerifier [0x0144DD76+566118]
Ordinal0 [0x01350B2B+1968939]
Ordinal0 [0x01355988+1989000]
Ordinal0 [0x01355A75+1989237]
Ordinal0 [0x0135ECB1+2026673]
BaseThreadInitThunk [0x766133CA+18]
RtlInitializeExceptionChain [0x778F9ED2+99]
RtlInitializeExceptionChain [0x778F9EA5+54]

at sun.reflect.NativeConstructorAccessorImpl.newInstance0(Native Method)
at sun.reflect.NativeConstructorAccessorImpl.newInstance(Unknown Source)
at sun.reflect.DelegatingConstructorAccessorImpl.newInstance(Unknown Source)
at java.lang.reflect.Constructor.newInstance(Unknown Source)
at org.openqa.selenium.remote.W3CHandshakeResponse.lambda$new$0(W3CHandshakeResponse.java:57)
at org.openqa.selenium.remote.W3CHandshakeResponse.lambda$getResponseFunction$2(W3CHandshakeResponse.java:104)
at org.openqa.selenium.remote.ProtocolHandshake.lambda$createSession$22(ProtocolHandshake.java:365)
at java.util.stream.ReferencePipeline$3$1.accept(Unknown Source)
at java.util.Spliterators$ArraySpliterator.tryAdvance(Unknown Source)
at java.util.stream.ReferencePipeline.forEachWithCancel(Unknown Source)
at java.util.stream.AbstractPipeline.copyIntoWithCancel(Unknown Source)
at java.util.stream.AbstractPipeline.copyInto(Unknown Source)
at java.util.stream.AbstractPipeline.wrapAndCopyInto(Unknown Source)
at java.util.stream.FindOps$FindOp.evaluateSequential(Unknown Source)
at java.util.stream.AbstractPipeline.evaluate(Unknown Source)
at java.util.stream.ReferencePipeline.findFirst(Unknown Source)
at org.openqa.selenium.remote.ProtocolHandshake.createSession(ProtocolHandshake.java:368)
at org.openqa.selenium.remote.ProtocolHandshake.createSession(ProtocolHandshake.java:159)
at org.openqa.selenium.remote.HttpCommandExecutor.execute(HttpCommandExecutor.java:142)
at org.openqa.selenium.remote.service.DriverCommandExecutor.execute(DriverCommandExecutor.java:82)
at org.openqa.selenium.remote.RemoteWebDriver.execute(RemoteWebDriver.java:637)
at org.openqa.selenium.remote.RemoteWebDriver.startSession(RemoteWebDriver.java:250)
at org.openqa.selenium.remote.RemoteWebDriver.startSession(RemoteWebDriver.java:236)
at org.openqa.selenium.remote.RemoteWebDriver.<init>(RemoteWebDriver.java:137)
at org.openqa.selenium.chrome.ChromeDriver.<init>(ChromeDriver.java:184)
at org.openqa.selenium.chrome.ChromeDriver.<init>(ChromeDriver.java:171)
at org.openqa.selenium.chrome.ChromeDriver.<init>(ChromeDriver.java:124)
at tataelxsi.co.in.GitExample.test(GitExample.java:13)
at sun.reflect.NativeMethodAccessorImpl.invoke0(Native Method)
at sun.reflect.NativeMethodAccessorImpl.invoke(Unknown Source)
at sun.reflect.DelegatingMethodAccessorImpl.invoke(Unknown Source)
at java.lang.reflect.Method.invoke(Unknown Source)
at org.testng.internal.MethodInvocationHelper.invokeMethod(MethodInvocationHelper.java:124)
at org.testng.internal.Invoker.invokeMethod(Invoker.java:583)
at org.testng.internal.Invoker.invokeTestMethod(Invoker.java:719)
at org.testng.internal.Invoker.invokeTestMethods(Invoker.java:989)
at org.testng.internal.TestMethodWorker.invokeTestMethods(TestMethodWorker.java:125)
at org.testng.internal.TestMethodWorker.run(TestMethodWorker.java:109)
at org.testng.TestRunner.privateRun(TestRunner.java:648)
at org.testng.TestRunner.run(TestRunner.java:505)
at org.testng.SuiteRunner.runTest(SuiteRunner.java:455)
at org.testng.SuiteRunner.runSequentially(SuiteRunner.java:450)
at org.testng.SuiteRunner.privateRun(SuiteRunner.java:415)
at org.testng.SuiteRunner.run(SuiteRunner.java:364)
at org.testng.SuiteRunnerWorker.runSuite(SuiteRunnerWorker.java:52)
at org.testng.SuiteRunnerWorker.run(SuiteRunnerWorker.java:84)
at org.testng.TestNG.runSuitesSequentially(TestNG.java:1208)
at org.testng.TestNG.runSuitesLocally(TestNG.java:1137)
at org.testng.TestNG.runSuites(TestNG.java:1049)
at org.testng.TestNG.run(TestNG.java:1017)
at org.testng.remote.AbstractRemoteTestNG.run(AbstractRemoteTestNG.java:114)
at org.testng.remote.RemoteTestNG.initAndRun(RemoteTestNG.java:251)
at org.testng.remote.RemoteTestNG.main(RemoteTestNG.java:77)
]]>
    </error>
  </testcase> <!-- test -->
</testsuite> <!-- tataelxsi.co.in.GitExample -->
